2024/08/22 13:20:37 outside cron
2024/08/22 13:20:37 Server started at http://127.0.0.1:8092
├─ REST API: http://127.0.0.1:8092/api/
└─ Admin UI: http://127.0.0.1:8092/_/
2024/08/22 13:30:37 hello from cron:: checking alert
2024/08/22 13:40:37 hello from cron:: checking alert
2024/08/22 13:50:37 hello from cron:: checking alert
2024/08/22 13:57:49 ar_bharath            login      2024-08-22 08:27:49.710Z    192.168.0.109        Dart/3.2 (dart:io)
2024/08/22 13:57:49 statuscode:: 200
2024/08/22 13:57:50 
FROM onRealtimeConnectRequest
----------------------
2024/08/22 13:57:50 {}
2024/08/22 13:57:50 "fiQSGOqXHrNeUobmCw68lvMzhLnHLhBRWoV0kxxT"
2024/08/22 13:57:50 300000000000
2024/08/22 13:57:50 
FROM onRealtimeBeforeMessageSend
----------------------
2024/08/22 13:57:50 {}
2024/08/22 13:57:50 "fiQSGOqXHrNeUobmCw68lvMzhLnHLhBRWoV0kxxT"
2024/08/22 13:57:50 {"name":"PB_CONNECT","data":[123,34,99,108,105,101,110,116,73,100,34,58,34,102,105,81,83,71,79,113,88,72,114,78,101,85,111,98,109,67,119,54,56,108,118,77,122,104,76,110,72,76,104,66,82,87,111,86,48,107,120,120,84,34,125]}
2024/08/22 13:57:50 
FROM onRealtimeAfterMessageSend
----------------------
2024/08/22 13:57:50 {}
2024/08/22 13:57:50 "fiQSGOqXHrNeUobmCw68lvMzhLnHLhBRWoV0kxxT"
2024/08/22 13:57:50 {"name":"PB_CONNECT","data":[123,34,99,108,105,101,110,116,73,100,34,58,34,102,105,81,83,71,79,113,88,72,114,78,101,85,111,98,109,67,119,54,56,108,118,77,122,104,76,110,72,76,104,66,82,87,111,86,48,107,120,120,84,34,125]}
2024/08/22 14:00:37 hello from cron:: checking alert
2024/08/22 14:02:50 
FROM onRealtimeDisconnectRequest
----------------------
2024/08/22 14:02:50 {}
2024/08/22 14:02:50 "fiQSGOqXHrNeUobmCw68lvMzhLnHLhBRWoV0kxxT"
2024/08/22 14:03:47 ar_bharath            login      2024-08-22 08:33:47.006Z    192.168.0.109        Dart/3.2 (dart:io)
2024/08/22 14:03:47 statuscode:: 200
2024/08/22 14:03:47 
FROM onRealtimeConnectRequest
----------------------
2024/08/22 14:03:47 {}
2024/08/22 14:03:47 "3GyFhao2CQffeavg5AobxvJKlysLTNQIX1mmS856"
2024/08/22 14:03:47 300000000000
2024/08/22 14:03:47 
FROM onRealtimeBeforeMessageSend
----------------------
2024/08/22 14:03:47 {}
2024/08/22 14:03:47 "3GyFhao2CQffeavg5AobxvJKlysLTNQIX1mmS856"
2024/08/22 14:03:47 {"name":"PB_CONNECT","data":[123,34,99,108,105,101,110,116,73,100,34,58,34,51,71,121,70,104,97,111,50,67,81,102,102,101,97,118,103,53,65,111,98,120,118,74,75,108,121,115,76,84,78,81,73,88,49,109,109,83,56,53,54,34,125]}
2024/08/22 14:03:47 
FROM onRealtimeAfterMessageSend
----------------------
2024/08/22 14:03:47 {}
2024/08/22 14:03:47 "3GyFhao2CQffeavg5AobxvJKlysLTNQIX1mmS856"
2024/08/22 14:03:47 {"name":"PB_CONNECT","data":[123,34,99,108,105,101,110,116,73,100,34,58,34,51,71,121,70,104,97,111,50,67,81,102,102,101,97,118,103,53,65,111,98,120,118,74,75,108,121,115,76,84,78,81,73,88,49,109,109,83,56,53,54,34,125]}
2024/08/22 14:05:52 ar_shiji            login      2024-08-22 08:35:52.259Z    192.168.0.119        Mozilla/5.0 (Windows NT 10.0; Win64; x64) AppleWebKit/537.36 (KHTML, like Gecko) Chrome/127.0.0.0 Safari/537.36
2024/08/22 14:05:52 statuscode:: 200
2024/08/22 14:07:04 
FROM onRealtimeDisconnectRequest
----------------------
2024/08/22 14:07:04 {}
2024/08/22 14:07:04 "3GyFhao2CQffeavg5AobxvJKlysLTNQIX1mmS856"
2024/08/22 14:07:23 ar_bharath            login      2024-08-22 08:37:23.180Z    192.168.0.109        Dart/3.2 (dart:io)
2024/08/22 14:07:23 statuscode:: 200
2024/08/22 14:07:23 
FROM onRealtimeConnectRequest
----------------------
2024/08/22 14:07:23 {}
2024/08/22 14:07:23 "VqjgAktStQXOjH1EWnWUFmxideMN8Ip6IVOCvyoM"
2024/08/22 14:07:23 300000000000
2024/08/22 14:07:23 
FROM onRealtimeBeforeMessageSend
----------------------
2024/08/22 14:07:23 {}
2024/08/22 14:07:23 "VqjgAktStQXOjH1EWnWUFmxideMN8Ip6IVOCvyoM"
2024/08/22 14:07:23 {"name":"PB_CONNECT","data":[123,34,99,108,105,101,110,116,73,100,34,58,34,86,113,106,103,65,107,116,83,116,81,88,79,106,72,49,69,87,110,87,85,70,109,120,105,100,101,77,78,56,73,112,54,73,86,79,67,118,121,111,77,34,125]}
2024/08/22 14:07:23 
FROM onRealtimeAfterMessageSend
----------------------
2024/08/22 14:07:23 {}
2024/08/22 14:07:23 "VqjgAktStQXOjH1EWnWUFmxideMN8Ip6IVOCvyoM"
2024/08/22 14:07:23 {"name":"PB_CONNECT","data":[123,34,99,108,105,101,110,116,73,100,34,58,34,86,113,106,103,65,107,116,83,116,81,88,79,106,72,49,69,87,110,87,85,70,109,120,105,100,101,77,78,56,73,112,54,73,86,79,67,118,121,111,77,34,125]}
2024/08/22 14:10:37 hello from cron:: checking alert
2024/08/22 14:12:23 
FROM onRealtimeDisconnectRequest
----------------------
2024/08/22 14:12:23 {}
2024/08/22 14:12:23 "VqjgAktStQXOjH1EWnWUFmxideMN8Ip6IVOCvyoM"
2024/08/22 14:20:37 hello from cron:: checking alert
2024/08/22 14:30:37 hello from cron:: checking alert
2024/08/22 14:31:52 ar_bharath            login      2024-08-22 09:01:52.508Z    192.168.0.111        Mozilla/5.0 (Windows NT 10.0; Win64; x64) AppleWebKit/537.36 (KHTML, like Gecko) Chrome/127.0.0.0 Safari/537.36
2024/08/22 14:31:52 statuscode:: 200
2024/08/22 14:40:37 hello from cron:: checking alert
2024/08/22 14:50:37 hello from cron:: checking alert
2024/08/22 15:00:37 hello from cron:: checking alert
2024/08/22 15:03:28 ar_bharath            login      2024-08-22 09:33:28.184Z    192.168.0.109        Dart/3.2 (dart:io)
2024/08/22 15:03:28 statuscode:: 200
2024/08/22 15:03:28 
FROM onRealtimeConnectRequest
----------------------
2024/08/22 15:03:28 {}
2024/08/22 15:03:28 "3PQXwp4x1ZSFAHO8q4QB4ROGppK0Khf05wi0aWGh"
2024/08/22 15:03:28 300000000000
2024/08/22 15:03:28 
FROM onRealtimeBeforeMessageSend
----------------------
2024/08/22 15:03:28 {}
2024/08/22 15:03:28 "3PQXwp4x1ZSFAHO8q4QB4ROGppK0Khf05wi0aWGh"
2024/08/22 15:03:28 {"name":"PB_CONNECT","data":[123,34,99,108,105,101,110,116,73,100,34,58,34,51,80,81,88,119,112,52,120,49,90,83,70,65,72,79,56,113,52,81,66,52,82,79,71,112,112,75,48,75,104,102,48,53,119,105,48,97,87,71,104,34,125]}
2024/08/22 15:03:28 
FROM onRealtimeAfterMessageSend
----------------------
2024/08/22 15:03:28 {}
2024/08/22 15:03:28 "3PQXwp4x1ZSFAHO8q4QB4ROGppK0Khf05wi0aWGh"
2024/08/22 15:03:28 {"name":"PB_CONNECT","data":[123,34,99,108,105,101,110,116,73,100,34,58,34,51,80,81,88,119,112,52,120,49,90,83,70,65,72,79,56,113,52,81,66,52,82,79,71,112,112,75,48,75,104,102,48,53,119,105,48,97,87,71,104,34,125]}
File /home/arpc4admin/tara_pocketbase/pb_hooks/view/firstcredential.html changed, restarting...
2024/08/22 15:06:57 
FROM onRealtimeDisconnectRequest
----------------------
2024/08/22 15:06:57 {}
2024/08/22 15:06:57 "3PQXwp4x1ZSFAHO8q4QB4ROGppK0Khf05wi0aWGh"
2024/08/22 15:06:57 outside cron
2024/08/22 15:06:57 Server started at http://127.0.0.1:8092
├─ REST API: http://127.0.0.1:8092/api/
└─ Admin UI: http://127.0.0.1:8092/_/
File /home/arpc4admin/tara_pocketbase/pb_hooks/view/firstcredential.html changed, restarting...
2024/08/22 15:07:01 outside cron
2024/08/22 15:07:01 Server started at http://127.0.0.1:8092
├─ REST API: http://127.0.0.1:8092/api/
└─ Admin UI: http://127.0.0.1:8092/_/
2024/08/22 15:07:18 
FROM onRealtimeConnectRequest
----------------------
2024/08/22 15:07:18 {}
2024/08/22 15:07:18 "BRTAxP2XPHn0SrU5qTkh4vBx6mnAC3Qi10Efl4IH"
2024/08/22 15:07:18 300000000000
2024/08/22 15:07:18 
FROM onRealtimeBeforeMessageSend
----------------------
2024/08/22 15:07:18 {}
2024/08/22 15:07:18 "BRTAxP2XPHn0SrU5qTkh4vBx6mnAC3Qi10Efl4IH"
2024/08/22 15:07:18 {"name":"PB_CONNECT","data":[123,34,99,108,105,101,110,116,73,100,34,58,34,66,82,84,65,120,80,50,88,80,72,110,48,83,114,85,53,113,84,107,104,52,118,66,120,54,109,110,65,67,51,81,105,49,48,69,102,108,52,73,72,34,125]}
2024/08/22 15:07:18 
FROM onRealtimeAfterMessageSend
----------------------
2024/08/22 15:07:18 {}
2024/08/22 15:07:18 "BRTAxP2XPHn0SrU5qTkh4vBx6mnAC3Qi10Efl4IH"
2024/08/22 15:07:18 {"name":"PB_CONNECT","data":[123,34,99,108,105,101,110,116,73,100,34,58,34,66,82,84,65,120,80,50,88,80,72,110,48,83,114,85,53,113,84,107,104,52,118,66,120,54,109,110,65,67,51,81,105,49,48,69,102,108,52,73,72,34,125]}
File /home/arpc4admin/tara_pocketbase/pb_hooks/view/otpmail.html changed, restarting...
2024/08/22 15:07:21 
FROM onRealtimeDisconnectRequest
----------------------
2024/08/22 15:07:21 {}
2024/08/22 15:07:21 "BRTAxP2XPHn0SrU5qTkh4vBx6mnAC3Qi10Efl4IH"
2024/08/22 15:07:21 outside cron
2024/08/22 15:07:21 Server started at http://127.0.0.1:8092
├─ REST API: http://127.0.0.1:8092/api/
└─ Admin UI: http://127.0.0.1:8092/_/
File /home/arpc4admin/tara_pocketbase/pb_hooks/view/resetpasswordbyadmin.html changed, restarting...
2024/08/22 15:07:52 outside cron
2024/08/22 15:07:52 Server started at http://127.0.0.1:8092
├─ REST API: http://127.0.0.1:8092/api/
└─ Admin UI: http://127.0.0.1:8092/_/
2024/08/22 15:10:52 hello from cron:: checking alert
2024/08/22 15:13:10 ar_bharath            login      2024-08-22 09:43:10.338Z    192.168.0.109        Dart/3.2 (dart:io)
2024/08/22 15:13:10 statuscode:: 200
2024/08/22 15:13:10 
FROM onRealtimeConnectRequest
----------------------
2024/08/22 15:13:10 {}
2024/08/22 15:13:10 "ZmoDJ3J6Pb4RnQbo3klnLvHZ28OVMMsh41ntOMoe"
2024/08/22 15:13:10 300000000000
2024/08/22 15:13:10 
FROM onRealtimeBeforeMessageSend
----------------------
2024/08/22 15:13:10 {}
2024/08/22 15:13:10 "ZmoDJ3J6Pb4RnQbo3klnLvHZ28OVMMsh41ntOMoe"
2024/08/22 15:13:10 {"name":"PB_CONNECT","data":[123,34,99,108,105,101,110,116,73,100,34,58,34,90,109,111,68,74,51,74,54,80,98,52,82,110,81,98,111,51,107,108,110,76,118,72,90,50,56,79,86,77,77,115,104,52,49,110,116,79,77,111,101,34,125]}
2024/08/22 15:13:10 
FROM onRealtimeAfterMessageSend
----------------------
2024/08/22 15:13:10 {}
2024/08/22 15:13:10 "ZmoDJ3J6Pb4RnQbo3klnLvHZ28OVMMsh41ntOMoe"
2024/08/22 15:13:10 {"name":"PB_CONNECT","data":[123,34,99,108,105,101,110,116,73,100,34,58,34,90,109,111,68,74,51,74,54,80,98,52,82,110,81,98,111,51,107,108,110,76,118,72,90,50,56,79,86,77,77,115,104,52,49,110,116,79,77,111,101,34,125]}
2024/08/22 15:13:16 
FROM onRealtimeDisconnectRequest
----------------------
2024/08/22 15:13:16 {}
2024/08/22 15:13:16 "ZmoDJ3J6Pb4RnQbo3klnLvHZ28OVMMsh41ntOMoe"
2024/08/22 15:13:43 ar_bharath            login      2024-08-22 09:43:43.387Z    192.168.0.109        Dart/3.2 (dart:io)
2024/08/22 15:13:43 statuscode:: 200
2024/08/22 15:13:43 
FROM onRealtimeConnectRequest
----------------------
2024/08/22 15:13:43 {}
2024/08/22 15:13:43 "HDvzFQ1bG0zVa5uVCkMmX4cy26qzogZDyD2RxHR7"
2024/08/22 15:13:43 300000000000
2024/08/22 15:13:43 
FROM onRealtimeBeforeMessageSend
----------------------
2024/08/22 15:13:43 {}
2024/08/22 15:13:43 "HDvzFQ1bG0zVa5uVCkMmX4cy26qzogZDyD2RxHR7"
2024/08/22 15:13:43 {"name":"PB_CONNECT","data":[123,34,99,108,105,101,110,116,73,100,34,58,34,72,68,118,122,70,81,49,98,71,48,122,86,97,53,117,86,67,107,77,109,88,52,99,121,50,54,113,122,111,103,90,68,121,68,50,82,120,72,82,55,34,125]}
2024/08/22 15:13:43 
FROM onRealtimeAfterMessageSend
----------------------
2024/08/22 15:13:43 {}
2024/08/22 15:13:43 "HDvzFQ1bG0zVa5uVCkMmX4cy26qzogZDyD2RxHR7"
2024/08/22 15:13:43 {"name":"PB_CONNECT","data":[123,34,99,108,105,101,110,116,73,100,34,58,34,72,68,118,122,70,81,49,98,71,48,122,86,97,53,117,86,67,107,77,109,88,52,99,121,50,54,113,122,111,103,90,68,121,68,50,82,120,72,82,55,34,125]}
2024/08/22 15:18:43 
FROM onRealtimeDisconnectRequest
----------------------
2024/08/22 15:18:43 {}
2024/08/22 15:18:43 "HDvzFQ1bG0zVa5uVCkMmX4cy26qzogZDyD2RxHR7"
2024/08/22 15:20:52 hello from cron:: checking alert
2024/08/22 15:30:52 hello from cron:: checking alert
2024/08/22 15:34:38 
FROM onRealtimeConnectRequest
----------------------
2024/08/22 15:34:38 {}
2024/08/22 15:34:38 "bTxdNmc5sA6wFpEhYZ1oezXMbtAt7s7UJRxnl31L"
2024/08/22 15:34:38 300000000000
2024/08/22 15:34:38 
FROM onRealtimeBeforeMessageSend
----------------------
2024/08/22 15:34:38 {}
2024/08/22 15:34:38 "bTxdNmc5sA6wFpEhYZ1oezXMbtAt7s7UJRxnl31L"
2024/08/22 15:34:38 {"name":"PB_CONNECT","data":[123,34,99,108,105,101,110,116,73,100,34,58,34,98,84,120,100,78,109,99,53,115,65,54,119,70,112,69,104,89,90,49,111,101,122,88,77,98,116,65,116,55,115,55,85,74,82,120,110,108,51,49,76,34,125]}
2024/08/22 15:34:38 
FROM onRealtimeAfterMessageSend
----------------------
2024/08/22 15:34:38 {}
2024/08/22 15:34:38 "bTxdNmc5sA6wFpEhYZ1oezXMbtAt7s7UJRxnl31L"
2024/08/22 15:34:38 {"name":"PB_CONNECT","data":[123,34,99,108,105,101,110,116,73,100,34,58,34,98,84,120,100,78,109,99,53,115,65,54,119,70,112,69,104,89,90,49,111,101,122,88,77,98,116,65,116,55,115,55,85,74,82,120,110,108,51,49,76,34,125]}
2024/08/22 15:34:57 ar_bharath            login      2024-08-22 10:04:57.610Z    192.168.0.109        Dart/3.2 (dart:io)
2024/08/22 15:34:57 statuscode:: 200
2024/08/22 15:34:57 
FROM onRealtimeConnectRequest
----------------------
2024/08/22 15:34:57 {}
2024/08/22 15:34:57 "teNfXbUzLfb8OHHBszjVypMoKhi4gX8fUt5z5koQ"
2024/08/22 15:34:57 300000000000
2024/08/22 15:34:57 
FROM onRealtimeBeforeMessageSend
----------------------
2024/08/22 15:34:57 {}
2024/08/22 15:34:57 "teNfXbUzLfb8OHHBszjVypMoKhi4gX8fUt5z5koQ"
2024/08/22 15:34:57 {"name":"PB_CONNECT","data":[123,34,99,108,105,101,110,116,73,100,34,58,34,116,101,78,102,88,98,85,122,76,102,98,56,79,72,72,66,115,122,106,86,121,112,77,111,75,104,105,52,103,88,56,102,85,116,53,122,53,107,111,81,34,125]}
2024/08/22 15:34:57 
FROM onRealtimeAfterMessageSend
----------------------
2024/08/22 15:34:57 {}
2024/08/22 15:34:57 "teNfXbUzLfb8OHHBszjVypMoKhi4gX8fUt5z5koQ"
2024/08/22 15:34:57 {"name":"PB_CONNECT","data":[123,34,99,108,105,101,110,116,73,100,34,58,34,116,101,78,102,88,98,85,122,76,102,98,56,79,72,72,66,115,122,106,86,121,112,77,111,75,104,105,52,103,88,56,102,85,116,53,122,53,107,111,81,34,125]}
2024/08/22 15:35:03 
FROM onRealtimeDisconnectRequest
----------------------
2024/08/22 15:35:03 {}
2024/08/22 15:35:03 "bTxdNmc5sA6wFpEhYZ1oezXMbtAt7s7UJRxnl31L"
2024/08/22 15:35:20 
FROM onRealtimeConnectRequest
----------------------
2024/08/22 15:35:20 {}
2024/08/22 15:35:20 "HVNSrN3WjKTaFXe6OOPTMyRyRUi3bnVdiIpoGWWl"
2024/08/22 15:35:20 300000000000
2024/08/22 15:35:20 
FROM onRealtimeBeforeMessageSend
----------------------
2024/08/22 15:35:20 {}
2024/08/22 15:35:20 "HVNSrN3WjKTaFXe6OOPTMyRyRUi3bnVdiIpoGWWl"
2024/08/22 15:35:20 {"name":"PB_CONNECT","data":[123,34,99,108,105,101,110,116,73,100,34,58,34,72,86,78,83,114,78,51,87,106,75,84,97,70,88,101,54,79,79,80,84,77,121,82,121,82,85,105,51,98,110,86,100,105,73,112,111,71,87,87,108,34,125]}
2024/08/22 15:35:20 
FROM onRealtimeAfterMessageSend
----------------------
2024/08/22 15:35:20 {}
2024/08/22 15:35:20 "HVNSrN3WjKTaFXe6OOPTMyRyRUi3bnVdiIpoGWWl"
2024/08/22 15:35:20 {"name":"PB_CONNECT","data":[123,34,99,108,105,101,110,116,73,100,34,58,34,72,86,78,83,114,78,51,87,106,75,84,97,70,88,101,54,79,79,80,84,77,121,82,121,82,85,105,51,98,110,86,100,105,73,112,111,71,87,87,108,34,125]}
2024/08/22 15:35:56 
FROM onRealtimeDisconnectRequest
----------------------
2024/08/22 15:35:56 {}
2024/08/22 15:35:56 "HVNSrN3WjKTaFXe6OOPTMyRyRUi3bnVdiIpoGWWl"
2024/08/22 15:35:58 
FROM onRealtimeConnectRequest
----------------------
2024/08/22 15:35:58 {}
2024/08/22 15:35:58 "34bfNLJsiDV0MFO4PgwRAGxRmNnSj8ArHtF09g4F"
2024/08/22 15:35:58 300000000000
2024/08/22 15:35:58 
FROM onRealtimeBeforeMessageSend
----------------------
2024/08/22 15:35:58 {}
2024/08/22 15:35:58 "34bfNLJsiDV0MFO4PgwRAGxRmNnSj8ArHtF09g4F"
2024/08/22 15:35:58 {"name":"PB_CONNECT","data":[123,34,99,108,105,101,110,116,73,100,34,58,34,51,52,98,102,78,76,74,115,105,68,86,48,77,70,79,52,80,103,119,82,65,71,120,82,109,78,110,83,106,56,65,114,72,116,70,48,57,103,52,70,34,125]}
2024/08/22 15:35:58 
FROM onRealtimeAfterMessageSend
----------------------
2024/08/22 15:35:58 {}
2024/08/22 15:35:58 "34bfNLJsiDV0MFO4PgwRAGxRmNnSj8ArHtF09g4F"
2024/08/22 15:35:58 {"name":"PB_CONNECT","data":[123,34,99,108,105,101,110,116,73,100,34,58,34,51,52,98,102,78,76,74,115,105,68,86,48,77,70,79,52,80,103,119,82,65,71,120,82,109,78,110,83,106,56,65,114,72,116,70,48,57,103,52,70,34,125]}
2024/08/22 15:37:27 
FROM onRealtimeDisconnectRequest
----------------------
2024/08/22 15:37:27 {}
2024/08/22 15:37:27 "34bfNLJsiDV0MFO4PgwRAGxRmNnSj8ArHtF09g4F"
2024/08/22 15:37:28 
FROM onRealtimeConnectRequest
----------------------
2024/08/22 15:37:28 {}
2024/08/22 15:37:28 "UPNMu8NUg9CVlqfELecLkhzPspRVsqio1vYKRfXC"
2024/08/22 15:37:28 300000000000
2024/08/22 15:37:28 
FROM onRealtimeBeforeMessageSend
----------------------
2024/08/22 15:37:28 {}
2024/08/22 15:37:28 "UPNMu8NUg9CVlqfELecLkhzPspRVsqio1vYKRfXC"
2024/08/22 15:37:28 {"name":"PB_CONNECT","data":[123,34,99,108,105,101,110,116,73,100,34,58,34,85,80,78,77,117,56,78,85,103,57,67,86,108,113,102,69,76,101,99,76,107,104,122,80,115,112,82,86,115,113,105,111,49,118,89,75,82,102,88,67,34,125]}
2024/08/22 15:37:28 
FROM onRealtimeAfterMessageSend
----------------------
2024/08/22 15:37:28 {}
2024/08/22 15:37:28 "UPNMu8NUg9CVlqfELecLkhzPspRVsqio1vYKRfXC"
2024/08/22 15:37:28 {"name":"PB_CONNECT","data":[123,34,99,108,105,101,110,116,73,100,34,58,34,85,80,78,77,117,56,78,85,103,57,67,86,108,113,102,69,76,101,99,76,107,104,122,80,115,112,82,86,115,113,105,111,49,118,89,75,82,102,88,67,34,125]}
2024/08/22 15:39:33 
FROM onRealtimeDisconnectRequest
----------------------
2024/08/22 15:39:33 {}
2024/08/22 15:39:33 "teNfXbUzLfb8OHHBszjVypMoKhi4gX8fUt5z5koQ"
2024/08/22 15:39:36 ar_bharath            login      2024-08-22 10:09:36.352Z    192.168.0.109        Dart/3.2 (dart:io)
2024/08/22 15:39:36 statuscode:: 200
2024/08/22 15:39:36 
FROM onRealtimeConnectRequest
----------------------
2024/08/22 15:39:36 {}
2024/08/22 15:39:36 "gcPwF5cnTJKUTC4IpmlYarIrVlAIEbmTAVyWGmmR"
2024/08/22 15:39:36 300000000000
2024/08/22 15:39:36 
FROM onRealtimeBeforeMessageSend
----------------------
2024/08/22 15:39:36 {}
2024/08/22 15:39:36 "gcPwF5cnTJKUTC4IpmlYarIrVlAIEbmTAVyWGmmR"
2024/08/22 15:39:36 {"name":"PB_CONNECT","data":[123,34,99,108,105,101,110,116,73,100,34,58,34,103,99,80,119,70,53,99,110,84,74,75,85,84,67,52,73,112,109,108,89,97,114,73,114,86,108,65,73,69,98,109,84,65,86,121,87,71,109,109,82,34,125]}
2024/08/22 15:39:36 
FROM onRealtimeAfterMessageSend
----------------------
2024/08/22 15:39:36 {}
2024/08/22 15:39:36 "gcPwF5cnTJKUTC4IpmlYarIrVlAIEbmTAVyWGmmR"
2024/08/22 15:39:36 {"name":"PB_CONNECT","data":[123,34,99,108,105,101,110,116,73,100,34,58,34,103,99,80,119,70,53,99,110,84,74,75,85,84,67,52,73,112,109,108,89,97,114,73,114,86,108,65,73,69,98,109,84,65,86,121,87,71,109,109,82,34,125]}
2024/08/22 15:39:55 
FROM onRealtimeDisconnectRequest
----------------------
2024/08/22 15:39:55 {}
2024/08/22 15:39:55 "gcPwF5cnTJKUTC4IpmlYarIrVlAIEbmTAVyWGmmR"
2024/08/22 15:39:59 ar_bharath            login      2024-08-22 10:09:59.374Z    192.168.0.109        Dart/3.2 (dart:io)
2024/08/22 15:39:59 statuscode:: 200
2024/08/22 15:39:59 
FROM onRealtimeConnectRequest
----------------------
2024/08/22 15:39:59 {}
2024/08/22 15:39:59 "dwZZdUWiknjZ7bGMvT5D11SCcfjR4qtxXy6o8qPy"
2024/08/22 15:39:59 300000000000
2024/08/22 15:39:59 
FROM onRealtimeBeforeMessageSend
----------------------
2024/08/22 15:39:59 {}
2024/08/22 15:39:59 "dwZZdUWiknjZ7bGMvT5D11SCcfjR4qtxXy6o8qPy"
2024/08/22 15:39:59 {"name":"PB_CONNECT","data":[123,34,99,108,105,101,110,116,73,100,34,58,34,100,119,90,90,100,85,87,105,107,110,106,90,55,98,71,77,118,84,53,68,49,49,83,67,99,102,106,82,52,113,116,120,88,121,54,111,56,113,80,121,34,125]}
2024/08/22 15:39:59 
FROM onRealtimeAfterMessageSend
----------------------
2024/08/22 15:39:59 {}
2024/08/22 15:39:59 "dwZZdUWiknjZ7bGMvT5D11SCcfjR4qtxXy6o8qPy"
2024/08/22 15:39:59 {"name":"PB_CONNECT","data":[123,34,99,108,105,101,110,116,73,100,34,58,34,100,119,90,90,100,85,87,105,107,110,106,90,55,98,71,77,118,84,53,68,49,49,83,67,99,102,106,82,52,113,116,120,88,121,54,111,56,113,80,121,34,125]}
2024/08/22 15:40:35 
FROM onRealtimeDisconnectRequest
----------------------
2024/08/22 15:40:35 {}
2024/08/22 15:40:35 "dwZZdUWiknjZ7bGMvT5D11SCcfjR4qtxXy6o8qPy"
2024/08/22 15:40:39 ar_bharath            login      2024-08-22 10:10:39.284Z    192.168.0.109        Dart/3.2 (dart:io)
2024/08/22 15:40:39 statuscode:: 200
2024/08/22 15:40:39 
FROM onRealtimeConnectRequest
----------------------
2024/08/22 15:40:39 {}
2024/08/22 15:40:39 "A4npxqkySSNPjHKgPyePHU2Q4pgHsAMc96Qe7rvh"
2024/08/22 15:40:39 300000000000
2024/08/22 15:40:39 
FROM onRealtimeBeforeMessageSend
----------------------
2024/08/22 15:40:39 {}
2024/08/22 15:40:39 "A4npxqkySSNPjHKgPyePHU2Q4pgHsAMc96Qe7rvh"
2024/08/22 15:40:39 {"name":"PB_CONNECT","data":[123,34,99,108,105,101,110,116,73,100,34,58,34,65,52,110,112,120,113,107,121,83,83,78,80,106,72,75,103,80,121,101,80,72,85,50,81,52,112,103,72,115,65,77,99,57,54,81,101,55,114,118,104,34,125]}
2024/08/22 15:40:39 
FROM onRealtimeAfterMessageSend
----------------------
2024/08/22 15:40:39 {}
2024/08/22 15:40:39 "A4npxqkySSNPjHKgPyePHU2Q4pgHsAMc96Qe7rvh"
2024/08/22 15:40:39 {"name":"PB_CONNECT","data":[123,34,99,108,105,101,110,116,73,100,34,58,34,65,52,110,112,120,113,107,121,83,83,78,80,106,72,75,103,80,121,101,80,72,85,50,81,52,112,103,72,115,65,77,99,57,54,81,101,55,114,118,104,34,125]}
2024/08/22 15:40:52 hello from cron:: checking alert
2024/08/22 15:40:52 
FROM onRealtimeDisconnectRequest
----------------------
2024/08/22 15:40:52 {}
2024/08/22 15:40:52 "A4npxqkySSNPjHKgPyePHU2Q4pgHsAMc96Qe7rvh"
2024/08/22 15:40:56 ar_bharath            login      2024-08-22 10:10:56.127Z    192.168.0.109        Dart/3.2 (dart:io)
2024/08/22 15:40:56 statuscode:: 200
2024/08/22 15:40:56 
FROM onRealtimeConnectRequest
----------------------
2024/08/22 15:40:56 {}
2024/08/22 15:40:56 "Q7EbaNGqrIDg3Jvy5Kq1UMiLDJLKV3LKs7A80KOQ"
2024/08/22 15:40:56 300000000000
2024/08/22 15:40:56 
FROM onRealtimeBeforeMessageSend
----------------------
2024/08/22 15:40:56 {}
2024/08/22 15:40:56 "Q7EbaNGqrIDg3Jvy5Kq1UMiLDJLKV3LKs7A80KOQ"
2024/08/22 15:40:56 {"name":"PB_CONNECT","data":[123,34,99,108,105,101,110,116,73,100,34,58,34,81,55,69,98,97,78,71,113,114,73,68,103,51,74,118,121,53,75,113,49,85,77,105,76,68,74,76,75,86,51,76,75,115,55,65,56,48,75,79,81,34,125]}
2024/08/22 15:40:56 
FROM onRealtimeAfterMessageSend
----------------------
2024/08/22 15:40:56 {}
2024/08/22 15:40:56 "Q7EbaNGqrIDg3Jvy5Kq1UMiLDJLKV3LKs7A80KOQ"
2024/08/22 15:40:56 {"name":"PB_CONNECT","data":[123,34,99,108,105,101,110,116,73,100,34,58,34,81,55,69,98,97,78,71,113,114,73,68,103,51,74,118,121,53,75,113,49,85,77,105,76,68,74,76,75,86,51,76,75,115,55,65,56,48,75,79,81,34,125]}
2024/08/22 15:41:05 
FROM onRealtimeDisconnectRequest
----------------------
2024/08/22 15:41:05 {}
2024/08/22 15:41:05 "Q7EbaNGqrIDg3Jvy5Kq1UMiLDJLKV3LKs7A80KOQ"
2024/08/22 15:41:08 ar_bharath            login      2024-08-22 10:11:08.358Z    192.168.0.109        Dart/3.2 (dart:io)
2024/08/22 15:41:08 statuscode:: 200
2024/08/22 15:41:08 
FROM onRealtimeConnectRequest
----------------------
2024/08/22 15:41:08 {}
2024/08/22 15:41:08 "PJCCGGiiM2AWxkTcBS8kyOeVppApBw0I04IbzkbM"
2024/08/22 15:41:08 300000000000
2024/08/22 15:41:08 
FROM onRealtimeBeforeMessageSend
----------------------
2024/08/22 15:41:08 {}
2024/08/22 15:41:08 "PJCCGGiiM2AWxkTcBS8kyOeVppApBw0I04IbzkbM"
2024/08/22 15:41:08 {"name":"PB_CONNECT","data":[123,34,99,108,105,101,110,116,73,100,34,58,34,80,74,67,67,71,71,105,105,77,50,65,87,120,107,84,99,66,83,56,107,121,79,101,86,112,112,65,112,66,119,48,73,48,52,73,98,122,107,98,77,34,125]}
2024/08/22 15:41:08 
FROM onRealtimeAfterMessageSend
----------------------
2024/08/22 15:41:08 {}
2024/08/22 15:41:08 "PJCCGGiiM2AWxkTcBS8kyOeVppApBw0I04IbzkbM"
2024/08/22 15:41:08 {"name":"PB_CONNECT","data":[123,34,99,108,105,101,110,116,73,100,34,58,34,80,74,67,67,71,71,105,105,77,50,65,87,120,107,84,99,66,83,56,107,121,79,101,86,112,112,65,112,66,119,48,73,48,52,73,98,122,107,98,77,34,125]}
2024/08/22 15:42:28 
FROM onRealtimeDisconnectRequest
----------------------
2024/08/22 15:42:28 {}
2024/08/22 15:42:28 "UPNMu8NUg9CVlqfELecLkhzPspRVsqio1vYKRfXC"
2024/08/22 15:43:35 
FROM onRealtimeDisconnectRequest
----------------------
2024/08/22 15:43:35 {}
2024/08/22 15:43:35 "PJCCGGiiM2AWxkTcBS8kyOeVppApBw0I04IbzkbM"
2024/08/22 15:43:38 ar_bharath            login      2024-08-22 10:13:38.965Z    192.168.0.109        Dart/3.2 (dart:io)
2024/08/22 15:43:39 statuscode:: 200
2024/08/22 15:43:40 
FROM onRealtimeConnectRequest
----------------------
2024/08/22 15:43:40 {}
2024/08/22 15:43:40 "N0G4xFeJNPV4f68njw5KWIDToAKLjuRGPvqKCgMJ"
2024/08/22 15:43:40 300000000000
2024/08/22 15:43:40 
FROM onRealtimeBeforeMessageSend
----------------------
2024/08/22 15:43:40 {}
2024/08/22 15:43:40 "N0G4xFeJNPV4f68njw5KWIDToAKLjuRGPvqKCgMJ"
2024/08/22 15:43:40 {"name":"PB_CONNECT","data":[123,34,99,108,105,101,110,116,73,100,34,58,34,78,48,71,52,120,70,101,74,78,80,86,52,102,54,56,110,106,119,53,75,87,73,68,84,111,65,75,76,106,117,82,71,80,118,113,75,67,103,77,74,34,125]}
2024/08/22 15:43:40 
FROM onRealtimeAfterMessageSend
----------------------
2024/08/22 15:43:40 {}
2024/08/22 15:43:40 "N0G4xFeJNPV4f68njw5KWIDToAKLjuRGPvqKCgMJ"
2024/08/22 15:43:40 {"name":"PB_CONNECT","data":[123,34,99,108,105,101,110,116,73,100,34,58,34,78,48,71,52,120,70,101,74,78,80,86,52,102,54,56,110,106,119,53,75,87,73,68,84,111,65,75,76,106,117,82,71,80,118,113,75,67,103,77,74,34,125]}
2024/08/22 15:43:58 
FROM onRealtimeDisconnectRequest
----------------------
2024/08/22 15:43:58 {}
2024/08/22 15:43:58 "N0G4xFeJNPV4f68njw5KWIDToAKLjuRGPvqKCgMJ"
2024/08/22 15:44:02 ar_bharath            login      2024-08-22 10:14:02.601Z    192.168.0.109        Dart/3.2 (dart:io)
2024/08/22 15:44:02 statuscode:: 200
2024/08/22 15:44:02 
FROM onRealtimeConnectRequest
----------------------
2024/08/22 15:44:02 {}
2024/08/22 15:44:02 "YfoZ6LMDY34JxaZ1AKTYP7bm0mkoH9UWpPqm9Q0E"
2024/08/22 15:44:02 300000000000
2024/08/22 15:44:02 
FROM onRealtimeBeforeMessageSend
----------------------
2024/08/22 15:44:02 {}
2024/08/22 15:44:02 "YfoZ6LMDY34JxaZ1AKTYP7bm0mkoH9UWpPqm9Q0E"
2024/08/22 15:44:02 {"name":"PB_CONNECT","data":[123,34,99,108,105,101,110,116,73,100,34,58,34,89,102,111,90,54,76,77,68,89,51,52,74,120,97,90,49,65,75,84,89,80,55,98,109,48,109,107,111,72,57,85,87,112,80,113,109,57,81,48,69,34,125]}
2024/08/22 15:44:02 
FROM onRealtimeAfterMessageSend
----------------------
2024/08/22 15:44:02 {}
2024/08/22 15:44:02 "YfoZ6LMDY34JxaZ1AKTYP7bm0mkoH9UWpPqm9Q0E"
2024/08/22 15:44:02 {"name":"PB_CONNECT","data":[123,34,99,108,105,101,110,116,73,100,34,58,34,89,102,111,90,54,76,77,68,89,51,52,74,120,97,90,49,65,75,84,89,80,55,98,109,48,109,107,111,72,57,85,87,112,80,113,109,57,81,48,69,34,125]}
2024/08/22 15:44:27 
FROM onRealtimeDisconnectRequest
----------------------
2024/08/22 15:44:27 {}
2024/08/22 15:44:27 "YfoZ6LMDY34JxaZ1AKTYP7bm0mkoH9UWpPqm9Q0E"
2024/08/22 15:44:30 ar_bharath            login      2024-08-22 10:14:30.748Z    192.168.0.109        Dart/3.2 (dart:io)
2024/08/22 15:44:30 statuscode:: 200
2024/08/22 15:44:31 
FROM onRealtimeConnectRequest
----------------------
2024/08/22 15:44:31 {}
2024/08/22 15:44:31 "kHgk45XJJhNm7OsZWCPA1r5fAI295X9BntuuiIiE"
2024/08/22 15:44:31 300000000000
2024/08/22 15:44:31 
FROM onRealtimeBeforeMessageSend
----------------------
2024/08/22 15:44:31 {}
2024/08/22 15:44:31 "kHgk45XJJhNm7OsZWCPA1r5fAI295X9BntuuiIiE"
2024/08/22 15:44:31 {"name":"PB_CONNECT","data":[123,34,99,108,105,101,110,116,73,100,34,58,34,107,72,103,107,52,53,88,74,74,104,78,109,55,79,115,90,87,67,80,65,49,114,53,102,65,73,50,57,53,88,57,66,110,116,117,117,105,73,105,69,34,125]}
2024/08/22 15:44:31 
FROM onRealtimeAfterMessageSend
----------------------
2024/08/22 15:44:31 {}
2024/08/22 15:44:31 "kHgk45XJJhNm7OsZWCPA1r5fAI295X9BntuuiIiE"
2024/08/22 15:44:31 {"name":"PB_CONNECT","data":[123,34,99,108,105,101,110,116,73,100,34,58,34,107,72,103,107,52,53,88,74,74,104,78,109,55,79,115,90,87,67,80,65,49,114,53,102,65,73,50,57,53,88,57,66,110,116,117,117,105,73,105,69,34,125]}
2024/08/22 15:45:15 
FROM onRealtimeDisconnectRequest
----------------------
2024/08/22 15:45:15 {}
2024/08/22 15:45:15 "kHgk45XJJhNm7OsZWCPA1r5fAI295X9BntuuiIiE"
2024/08/22 15:45:19 ar_bharath            login      2024-08-22 10:15:19.509Z    192.168.0.109        Dart/3.2 (dart:io)
2024/08/22 15:45:19 statuscode:: 200
2024/08/22 15:45:19 
FROM onRealtimeConnectRequest
----------------------
2024/08/22 15:45:19 {}
2024/08/22 15:45:19 "ZHm3K3TxLz9kGZnU24EyRk1IX9LgW8SCHY0OaYfb"
2024/08/22 15:45:19 300000000000
2024/08/22 15:45:19 
FROM onRealtimeBeforeMessageSend
----------------------
2024/08/22 15:45:19 {}
2024/08/22 15:45:19 "ZHm3K3TxLz9kGZnU24EyRk1IX9LgW8SCHY0OaYfb"
2024/08/22 15:45:19 {"name":"PB_CONNECT","data":[123,34,99,108,105,101,110,116,73,100,34,58,34,90,72,109,51,75,51,84,120,76,122,57,107,71,90,110,85,50,52,69,121,82,107,49,73,88,57,76,103,87,56,83,67,72,89,48,79,97,89,102,98,34,125]}
2024/08/22 15:45:19 
FROM onRealtimeAfterMessageSend
----------------------
2024/08/22 15:45:19 {}
2024/08/22 15:45:19 "ZHm3K3TxLz9kGZnU24EyRk1IX9LgW8SCHY0OaYfb"
2024/08/22 15:45:19 {"name":"PB_CONNECT","data":[123,34,99,108,105,101,110,116,73,100,34,58,34,90,72,109,51,75,51,84,120,76,122,57,107,71,90,110,85,50,52,69,121,82,107,49,73,88,57,76,103,87,56,83,67,72,89,48,79,97,89,102,98,34,125]}
2024/08/22 15:48:08 
FROM onRealtimeDisconnectRequest
----------------------
2024/08/22 15:48:08 {}
2024/08/22 15:48:08 "ZHm3K3TxLz9kGZnU24EyRk1IX9LgW8SCHY0OaYfb"
2024/08/22 15:48:14 ar_bharath            login      2024-08-22 10:18:14.488Z    192.168.0.109        Dart/3.2 (dart:io)
2024/08/22 15:48:14 statuscode:: 200
2024/08/22 15:48:14 
FROM onRealtimeConnectRequest
----------------------
2024/08/22 15:48:14 {}
2024/08/22 15:48:14 "l27AZZGZQtsVk3FcpT0TK4DX03aEvNksqYjmVQfC"
2024/08/22 15:48:14 300000000000
2024/08/22 15:48:14 
FROM onRealtimeBeforeMessageSend
----------------------
2024/08/22 15:48:14 {}
2024/08/22 15:48:14 "l27AZZGZQtsVk3FcpT0TK4DX03aEvNksqYjmVQfC"
2024/08/22 15:48:14 {"name":"PB_CONNECT","data":[123,34,99,108,105,101,110,116,73,100,34,58,34,108,50,55,65,90,90,71,90,81,116,115,86,107,51,70,99,112,84,48,84,75,52,68,88,48,51,97,69,118,78,107,115,113,89,106,109,86,81,102,67,34,125]}
2024/08/22 15:48:14 
FROM onRealtimeAfterMessageSend
----------------------
2024/08/22 15:48:14 {}
2024/08/22 15:48:14 "l27AZZGZQtsVk3FcpT0TK4DX03aEvNksqYjmVQfC"
2024/08/22 15:48:14 {"name":"PB_CONNECT","data":[123,34,99,108,105,101,110,116,73,100,34,58,34,108,50,55,65,90,90,71,90,81,116,115,86,107,51,70,99,112,84,48,84,75,52,68,88,48,51,97,69,118,78,107,115,113,89,106,109,86,81,102,67,34,125]}
2024/08/22 15:49:03 
FROM onRealtimeDisconnectRequest
----------------------
2024/08/22 15:49:03 {}
2024/08/22 15:49:03 "l27AZZGZQtsVk3FcpT0TK4DX03aEvNksqYjmVQfC"
2024/08/22 15:49:07 ar_bharath            login      2024-08-22 10:19:07.930Z    192.168.0.109        Dart/3.2 (dart:io)
2024/08/22 15:49:08 statuscode:: 200
2024/08/22 15:49:09 
FROM onRealtimeConnectRequest
----------------------
2024/08/22 15:49:09 {}
2024/08/22 15:49:09 "UFPjJiGqoNX9GoSW2zPGwaT32TubRPmKcaxWISUj"
2024/08/22 15:49:09 300000000000
2024/08/22 15:49:09 
FROM onRealtimeBeforeMessageSend
----------------------
2024/08/22 15:49:09 {}
2024/08/22 15:49:09 "UFPjJiGqoNX9GoSW2zPGwaT32TubRPmKcaxWISUj"
2024/08/22 15:49:09 {"name":"PB_CONNECT","data":[123,34,99,108,105,101,110,116,73,100,34,58,34,85,70,80,106,74,105,71,113,111,78,88,57,71,111,83,87,50,122,80,71,119,97,84,51,50,84,117,98,82,80,109,75,99,97,120,87,73,83,85,106,34,125]}
2024/08/22 15:49:09 
FROM onRealtimeAfterMessageSend
----------------------
2024/08/22 15:49:09 {}
2024/08/22 15:49:09 "UFPjJiGqoNX9GoSW2zPGwaT32TubRPmKcaxWISUj"
2024/08/22 15:49:09 {"name":"PB_CONNECT","data":[123,34,99,108,105,101,110,116,73,100,34,58,34,85,70,80,106,74,105,71,113,111,78,88,57,71,111,83,87,50,122,80,71,119,97,84,51,50,84,117,98,82,80,109,75,99,97,120,87,73,83,85,106,34,125]}
2024/08/22 15:49:33 
FROM onRealtimeDisconnectRequest
----------------------
2024/08/22 15:49:33 {}
2024/08/22 15:49:33 "UFPjJiGqoNX9GoSW2zPGwaT32TubRPmKcaxWISUj"
2024/08/22 15:49:38 ar_bharath            login      2024-08-22 10:19:38.882Z    192.168.0.109        Dart/3.2 (dart:io)
2024/08/22 15:49:39 statuscode:: 200
2024/08/22 15:49:39 
FROM onRealtimeConnectRequest
----------------------
2024/08/22 15:49:39 {}
2024/08/22 15:49:39 "y092VzvKHoZOCJCeZMHxCeo2EI1SVEk5cW5yBl23"
2024/08/22 15:49:39 300000000000
2024/08/22 15:49:39 
FROM onRealtimeBeforeMessageSend
----------------------
2024/08/22 15:49:39 {}
2024/08/22 15:49:39 "y092VzvKHoZOCJCeZMHxCeo2EI1SVEk5cW5yBl23"
2024/08/22 15:49:39 {"name":"PB_CONNECT","data":[123,34,99,108,105,101,110,116,73,100,34,58,34,121,48,57,50,86,122,118,75,72,111,90,79,67,74,67,101,90,77,72,120,67,101,111,50,69,73,49,83,86,69,107,53,99,87,53,121,66,108,50,51,34,125]}
2024/08/22 15:49:39 
FROM onRealtimeAfterMessageSend
----------------------
2024/08/22 15:49:39 {}
2024/08/22 15:49:39 "y092VzvKHoZOCJCeZMHxCeo2EI1SVEk5cW5yBl23"
2024/08/22 15:49:39 {"name":"PB_CONNECT","data":[123,34,99,108,105,101,110,116,73,100,34,58,34,121,48,57,50,86,122,118,75,72,111,90,79,67,74,67,101,90,77,72,120,67,101,111,50,69,73,49,83,86,69,107,53,99,87,53,121,66,108,50,51,34,125]}
File /home/arpc4admin/tara_pocketbase/pb_hooks/view/emailtemplate.html changed, restarting...
2024/08/22 15:50:35 
FROM onRealtimeDisconnectRequest
----------------------
2024/08/22 15:50:35 {}
2024/08/22 15:50:35 "y092VzvKHoZOCJCeZMHxCeo2EI1SVEk5cW5yBl23"
2024/08/22 15:50:36 outside cron
2024/08/22 15:50:36 Server started at http://127.0.0.1:8092
├─ REST API: http://127.0.0.1:8092/api/
└─ Admin UI: http://127.0.0.1:8092/_/
File /home/arpc4admin/tara_pocketbase/pb_hooks/view/emailtemplate.html changed, restarting...
2024/08/22 15:51:29 outside cron
2024/08/22 15:51:29 Server started at http://127.0.0.1:8092
├─ REST API: http://127.0.0.1:8092/api/
└─ Admin UI: http://127.0.0.1:8092/_/
2024/08/22 15:51:46 ar_shiji            login      2024-08-22 10:21:46.429Z    192.168.0.119        Mozilla/5.0 (Windows NT 10.0; Win64; x64) AppleWebKit/537.36 (KHTML, like Gecko) Chrome/127.0.0.0 Safari/537.36
2024/08/22 15:51:46 statuscode:: 200
2024/08/22 15:52:53 ar_bharath            login      2024-08-22 10:22:53.810Z    192.168.0.109        Mozilla/5.0 (Windows NT 10.0; Win64; x64) AppleWebKit/537.36 (KHTML, like Gecko) Chrome/127.0.0.0 Safari/537.36 Edg/127.0.0.0
2024/08/22 15:52:54 statuscode:: 200
File /home/arpc4admin/tara_pocketbase/pb_hooks/view/emailtemplate.html changed, restarting...
2024/08/22 15:56:45 outside cron
2024/08/22 15:56:45 Server started at http://127.0.0.1:8092
├─ REST API: http://127.0.0.1:8092/api/
└─ Admin UI: http://127.0.0.1:8092/_/
2024/08/22 16:00:45 hello from cron:: checking alert
File /home/arpc4admin/tara_pocketbase/pb_hooks/forgotpassword.pb.js changed, restarting...
2024/08/22 16:06:26 outside cron
2024/08/22 16:06:26 Server started at http://127.0.0.1:8092
├─ REST API: http://127.0.0.1:8092/api/
└─ Admin UI: http://127.0.0.1:8092/_/
File /home/arpc4admin/tara_pocketbase/pb_hooks/forgotpassword.pb.js changed, restarting...
2024/08/22 16:07:08 outside cron
2024/08/22 16:07:08 Server started at http://127.0.0.1:8092
├─ REST API: http://127.0.0.1:8092/api/
└─ Admin UI: http://127.0.0.1:8092/_/
File /home/arpc4admin/tara_pocketbase/pb_hooks/view/forgotmail.html changed, restarting...
2024/08/22 16:08:31 outside cron
2024/08/22 16:08:31 Server started at http://127.0.0.1:8092
├─ REST API: http://127.0.0.1:8092/api/
└─ Admin UI: http://127.0.0.1:8092/_/
2024/08/22 16:09:01 ar_bharath            login      2024-08-22 10:39:01.921Z    192.168.0.109        Dart/3.2 (dart:io)
2024/08/22 16:09:02 statuscode:: 200
2024/08/22 16:09:02 
FROM onRealtimeConnectRequest
----------------------
2024/08/22 16:09:02 {}
2024/08/22 16:09:02 "VCE4EVzc4Cq0NzX3Uky7FI2AGV1hg065HmTHajwq"
2024/08/22 16:09:02 300000000000
2024/08/22 16:09:02 
FROM onRealtimeBeforeMessageSend
----------------------
2024/08/22 16:09:02 {}
2024/08/22 16:09:02 "VCE4EVzc4Cq0NzX3Uky7FI2AGV1hg065HmTHajwq"
2024/08/22 16:09:02 {"name":"PB_CONNECT","data":[123,34,99,108,105,101,110,116,73,100,34,58,34,86,67,69,52,69,86,122,99,52,67,113,48,78,122,88,51,85,107,121,55,70,73,50,65,71,86,49,104,103,48,54,53,72,109,84,72,97,106,119,113,34,125]}
2024/08/22 16:09:02 
FROM onRealtimeAfterMessageSend
----------------------
2024/08/22 16:09:02 {}
2024/08/22 16:09:02 "VCE4EVzc4Cq0NzX3Uky7FI2AGV1hg065HmTHajwq"
2024/08/22 16:09:02 {"name":"PB_CONNECT","data":[123,34,99,108,105,101,110,116,73,100,34,58,34,86,67,69,52,69,86,122,99,52,67,113,48,78,122,88,51,85,107,121,55,70,73,50,65,71,86,49,104,103,48,54,53,72,109,84,72,97,106,119,113,34,125]}
2024/08/22 16:09:02 
FROM onRealtimeBeforeSubscribeRequest
----------------------
2024/08/22 16:09:02 {}
2024/08/22 16:09:02 "VCE4EVzc4Cq0NzX3Uky7FI2AGV1hg065HmTHajwq"
2024/08/22 16:09:02 ["isalive/*"]
2024/08/22 16:09:02 
FROM onRealtimeAfterSubscribeRequest
----------------------
2024/08/22 16:09:02 {}
2024/08/22 16:09:02 "VCE4EVzc4Cq0NzX3Uky7FI2AGV1hg065HmTHajwq"
2024/08/22 16:09:02 ["isalive/*"]
2024/08/22 16:09:02 
FROM onRealtimeConnectRequest
----------------------
2024/08/22 16:09:02 {}
2024/08/22 16:09:02 "8olEbWlG9sQPrT8YighQPeQwmo3SK0WKfDWhjKrI"
2024/08/22 16:09:02 300000000000
2024/08/22 16:09:02 
FROM onRealtimeBeforeMessageSend
----------------------
2024/08/22 16:09:02 {}
2024/08/22 16:09:02 "8olEbWlG9sQPrT8YighQPeQwmo3SK0WKfDWhjKrI"
2024/08/22 16:09:02 {"name":"PB_CONNECT","data":[123,34,99,108,105,101,110,116,73,100,34,58,34,56,111,108,69,98,87,108,71,57,115,81,80,114,84,56,89,105,103,104,81,80,101,81,119,109,111,51,83,75,48,87,75,102,68,87,104,106,75,114,73,34,125]}
2024/08/22 16:09:02 
FROM onRealtimeAfterMessageSend
----------------------
2024/08/22 16:09:02 {}
2024/08/22 16:09:02 "8olEbWlG9sQPrT8YighQPeQwmo3SK0WKfDWhjKrI"
2024/08/22 16:09:02 {"name":"PB_CONNECT","data":[123,34,99,108,105,101,110,116,73,100,34,58,34,56,111,108,69,98,87,108,71,57,115,81,80,114,84,56,89,105,103,104,81,80,101,81,119,109,111,51,83,75,48,87,75,102,68,87,104,106,75,114,73,34,125]}
2024/08/22 16:09:02 
FROM onRealtimeDisconnectRequest
----------------------
2024/08/22 16:09:02 {}
2024/08/22 16:09:02 "8olEbWlG9sQPrT8YighQPeQwmo3SK0WKfDWhjKrI"
2024/08/22 16:09:02 
FROM onRealtimeDisconnectRequest
----------------------
2024/08/22 16:09:02 {}
2024/08/22 16:09:02 "VCE4EVzc4Cq0NzX3Uky7FI2AGV1hg065HmTHajwq"
2024/08/22 16:09:26 ar_bharath            login      2024-08-22 10:39:26.425Z    192.168.0.109        Dart/3.2 (dart:io)
2024/08/22 16:09:26 statuscode:: 200
2024/08/22 16:09:26 
FROM onRealtimeConnectRequest
----------------------
2024/08/22 16:09:26 {}
2024/08/22 16:09:26 "GVpUUt233MEuqlYkr8Qlh2niDDKVZLJ9YS3WC5mP"
2024/08/22 16:09:26 300000000000
2024/08/22 16:09:26 
FROM onRealtimeBeforeMessageSend
----------------------
2024/08/22 16:09:26 {}
2024/08/22 16:09:26 "GVpUUt233MEuqlYkr8Qlh2niDDKVZLJ9YS3WC5mP"
2024/08/22 16:09:26 {"name":"PB_CONNECT","data":[123,34,99,108,105,101,110,116,73,100,34,58,34,71,86,112,85,85,116,50,51,51,77,69,117,113,108,89,107,114,56,81,108,104,50,110,105,68,68,75,86,90,76,74,57,89,83,51,87,67,53,109,80,34,125]}
2024/08/22 16:09:26 
FROM onRealtimeAfterMessageSend
----------------------
2024/08/22 16:09:26 {}
2024/08/22 16:09:26 "GVpUUt233MEuqlYkr8Qlh2niDDKVZLJ9YS3WC5mP"
2024/08/22 16:09:26 {"name":"PB_CONNECT","data":[123,34,99,108,105,101,110,116,73,100,34,58,34,71,86,112,85,85,116,50,51,51,77,69,117,113,108,89,107,114,56,81,108,104,50,110,105,68,68,75,86,90,76,74,57,89,83,51,87,67,53,109,80,34,125]}
2024/08/22 16:09:26 
FROM onRealtimeBeforeSubscribeRequest
----------------------
2024/08/22 16:09:26 {}
2024/08/22 16:09:26 "GVpUUt233MEuqlYkr8Qlh2niDDKVZLJ9YS3WC5mP"
2024/08/22 16:09:26 ["isalive/*"]
2024/08/22 16:09:26 
FROM onRealtimeAfterSubscribeRequest
----------------------
2024/08/22 16:09:26 {}
2024/08/22 16:09:26 "GVpUUt233MEuqlYkr8Qlh2niDDKVZLJ9YS3WC5mP"
2024/08/22 16:09:26 ["isalive/*"]
2024/08/22 16:09:26 
FROM onRealtimeConnectRequest
----------------------
2024/08/22 16:09:26 {}
2024/08/22 16:09:26 "UWuHhHqm2DoMKXBgIs2IyU3JkNJCo1LrBez07cby"
2024/08/22 16:09:26 300000000000
2024/08/22 16:09:26 
FROM onRealtimeBeforeMessageSend
----------------------
2024/08/22 16:09:26 {}
2024/08/22 16:09:26 "UWuHhHqm2DoMKXBgIs2IyU3JkNJCo1LrBez07cby"
2024/08/22 16:09:26 {"name":"PB_CONNECT","data":[123,34,99,108,105,101,110,116,73,100,34,58,34,85,87,117,72,104,72,113,109,50,68,111,77,75,88,66,103,73,115,50,73,121,85,51,74,107,78,74,67,111,49,76,114,66,101,122,48,55,99,98,121,34,125]}
2024/08/22 16:09:26 
FROM onRealtimeAfterMessageSend
----------------------
2024/08/22 16:09:26 {}
2024/08/22 16:09:26 "UWuHhHqm2DoMKXBgIs2IyU3JkNJCo1LrBez07cby"
2024/08/22 16:09:26 {"name":"PB_CONNECT","data":[123,34,99,108,105,101,110,116,73,100,34,58,34,85,87,117,72,104,72,113,109,50,68,111,77,75,88,66,103,73,115,50,73,121,85,51,74,107,78,74,67,111,49,76,114,66,101,122,48,55,99,98,121,34,125]}
2024/08/22 16:09:26 
FROM onRealtimeDisconnectRequest
----------------------
2024/08/22 16:09:26 {}
2024/08/22 16:09:26 "UWuHhHqm2DoMKXBgIs2IyU3JkNJCo1LrBez07cby"
2024/08/22 16:09:26 
FROM onRealtimeDisconnectRequest
----------------------
2024/08/22 16:09:26 {}
2024/08/22 16:09:26 "GVpUUt233MEuqlYkr8Qlh2niDDKVZLJ9YS3WC5mP"
2024/08/22 16:10:31 hello from cron:: checking alert
2024/08/22 16:10:38 ar_bharath            login      2024-08-22 10:40:38.104Z    192.168.0.109        Dart/3.2 (dart:io)
2024/08/22 16:10:38 statuscode:: 200
2024/08/22 16:10:38 
FROM onRealtimeConnectRequest
----------------------
2024/08/22 16:10:38 {}
2024/08/22 16:10:38 "uXY5qguH0DQIvc9S81p85XJDGWWAnKl63X0Q9zy2"
2024/08/22 16:10:38 300000000000
2024/08/22 16:10:38 
FROM onRealtimeBeforeMessageSend
----------------------
2024/08/22 16:10:38 {}
2024/08/22 16:10:38 "uXY5qguH0DQIvc9S81p85XJDGWWAnKl63X0Q9zy2"
2024/08/22 16:10:38 {"name":"PB_CONNECT","data":[123,34,99,108,105,101,110,116,73,100,34,58,34,117,88,89,53,113,103,117,72,48,68,81,73,118,99,57,83,56,49,112,56,53,88,74,68,71,87,87,65,110,75,108,54,51,88,48,81,57,122,121,50,34,125]}
2024/08/22 16:10:38 
FROM onRealtimeAfterMessageSend
----------------------
2024/08/22 16:10:38 {}
2024/08/22 16:10:38 "uXY5qguH0DQIvc9S81p85XJDGWWAnKl63X0Q9zy2"
2024/08/22 16:10:38 {"name":"PB_CONNECT","data":[123,34,99,108,105,101,110,116,73,100,34,58,34,117,88,89,53,113,103,117,72,48,68,81,73,118,99,57,83,56,49,112,56,53,88,74,68,71,87,87,65,110,75,108,54,51,88,48,81,57,122,121,50,34,125]}
2024/08/22 16:10:38 
FROM onRealtimeBeforeSubscribeRequest
----------------------
2024/08/22 16:10:38 {}
2024/08/22 16:10:38 "uXY5qguH0DQIvc9S81p85XJDGWWAnKl63X0Q9zy2"
2024/08/22 16:10:38 ["isalive/*"]
2024/08/22 16:10:38 
FROM onRealtimeAfterSubscribeRequest
----------------------
2024/08/22 16:10:38 {}
2024/08/22 16:10:38 "uXY5qguH0DQIvc9S81p85XJDGWWAnKl63X0Q9zy2"
2024/08/22 16:10:38 ["isalive/*"]
2024/08/22 16:10:38 
FROM onRealtimeConnectRequest
----------------------
2024/08/22 16:10:38 {}
2024/08/22 16:10:38 "hzn6WJKCa96euH2MSJUS1JnjdBWGYfOTDDl8cm7g"
2024/08/22 16:10:38 300000000000
2024/08/22 16:10:38 
FROM onRealtimeBeforeMessageSend
----------------------
2024/08/22 16:10:38 {}
2024/08/22 16:10:38 "hzn6WJKCa96euH2MSJUS1JnjdBWGYfOTDDl8cm7g"
2024/08/22 16:10:38 {"name":"PB_CONNECT","data":[123,34,99,108,105,101,110,116,73,100,34,58,34,104,122,110,54,87,74,75,67,97,57,54,101,117,72,50,77,83,74,85,83,49,74,110,106,100,66,87,71,89,102,79,84,68,68,108,56,99,109,55,103,34,125]}
2024/08/22 16:10:38 
FROM onRealtimeAfterMessageSend
----------------------
2024/08/22 16:10:38 {}
2024/08/22 16:10:38 "hzn6WJKCa96euH2MSJUS1JnjdBWGYfOTDDl8cm7g"
2024/08/22 16:10:38 {"name":"PB_CONNECT","data":[123,34,99,108,105,101,110,116,73,100,34,58,34,104,122,110,54,87,74,75,67,97,57,54,101,117,72,50,77,83,74,85,83,49,74,110,106,100,66,87,71,89,102,79,84,68,68,108,56,99,109,55,103,34,125]}
2024/08/22 16:10:38 
FROM onRealtimeDisconnectRequest
----------------------
2024/08/22 16:10:38 {}
2024/08/22 16:10:38 "hzn6WJKCa96euH2MSJUS1JnjdBWGYfOTDDl8cm7g"
2024/08/22 16:10:38 
FROM onRealtimeDisconnectRequest
----------------------
2024/08/22 16:10:38 {}
2024/08/22 16:10:38 "uXY5qguH0DQIvc9S81p85XJDGWWAnKl63X0Q9zy2"
2024/08/22 16:10:53 ar_shiji            login      2024-08-22 10:40:53.295Z    192.168.0.119        Mozilla/5.0 (Windows NT 10.0; Win64; x64) AppleWebKit/537.36 (KHTML, like Gecko) Chrome/127.0.0.0 Safari/537.36
2024/08/22 16:10:53 statuscode:: 200
2024/08/22 16:12:44 ar_bharath            login      2024-08-22 10:42:44.777Z    192.168.0.109        Dart/3.2 (dart:io)
2024/08/22 16:12:45 statuscode:: 200
2024/08/22 16:12:45 
FROM onRealtimeConnectRequest
----------------------
2024/08/22 16:12:45 {}
2024/08/22 16:12:45 "3i4bPO9cWnW5IIeuTkzSCTJPViRa8ByrmPNctKuu"
2024/08/22 16:12:45 300000000000
2024/08/22 16:12:45 
FROM onRealtimeBeforeMessageSend
----------------------
2024/08/22 16:12:45 {}
2024/08/22 16:12:45 "3i4bPO9cWnW5IIeuTkzSCTJPViRa8ByrmPNctKuu"
2024/08/22 16:12:45 {"name":"PB_CONNECT","data":[123,34,99,108,105,101,110,116,73,100,34,58,34,51,105,52,98,80,79,57,99,87,110,87,53,73,73,101,117,84,107,122,83,67,84,74,80,86,105,82,97,56,66,121,114,109,80,78,99,116,75,117,117,34,125]}
2024/08/22 16:12:45 
FROM onRealtimeAfterMessageSend
----------------------
2024/08/22 16:12:45 {}
2024/08/22 16:12:45 "3i4bPO9cWnW5IIeuTkzSCTJPViRa8ByrmPNctKuu"
2024/08/22 16:12:45 {"name":"PB_CONNECT","data":[123,34,99,108,105,101,110,116,73,100,34,58,34,51,105,52,98,80,79,57,99,87,110,87,53,73,73,101,117,84,107,122,83,67,84,74,80,86,105,82,97,56,66,121,114,109,80,78,99,116,75,117,117,34,125]}
2024/08/22 16:12:45 
FROM onRealtimeBeforeSubscribeRequest
----------------------
2024/08/22 16:12:45 {}
2024/08/22 16:12:45 "3i4bPO9cWnW5IIeuTkzSCTJPViRa8ByrmPNctKuu"
2024/08/22 16:12:45 ["isalive/*"]
2024/08/22 16:12:45 
FROM onRealtimeAfterSubscribeRequest
----------------------
2024/08/22 16:12:45 {}
2024/08/22 16:12:45 "3i4bPO9cWnW5IIeuTkzSCTJPViRa8ByrmPNctKuu"
2024/08/22 16:12:45 ["isalive/*"]
2024/08/22 16:12:45 
FROM onRealtimeConnectRequest
----------------------
2024/08/22 16:12:45 {}
2024/08/22 16:12:45 "j6pUJQFB2eZufxPgdnht6OIcgus8lnoUmbD1qLXz"
2024/08/22 16:12:45 300000000000
2024/08/22 16:12:45 
FROM onRealtimeBeforeMessageSend
----------------------
2024/08/22 16:12:45 {}
2024/08/22 16:12:45 "j6pUJQFB2eZufxPgdnht6OIcgus8lnoUmbD1qLXz"
2024/08/22 16:12:45 {"name":"PB_CONNECT","data":[123,34,99,108,105,101,110,116,73,100,34,58,34,106,54,112,85,74,81,70,66,50,101,90,117,102,120,80,103,100,110,104,116,54,79,73,99,103,117,115,56,108,110,111,85,109,98,68,49,113,76,88,122,34,125]}
2024/08/22 16:12:45 
FROM onRealtimeAfterMessageSend
----------------------
2024/08/22 16:12:45 {}
2024/08/22 16:12:45 "j6pUJQFB2eZufxPgdnht6OIcgus8lnoUmbD1qLXz"
2024/08/22 16:12:45 {"name":"PB_CONNECT","data":[123,34,99,108,105,101,110,116,73,100,34,58,34,106,54,112,85,74,81,70,66,50,101,90,117,102,120,80,103,100,110,104,116,54,79,73,99,103,117,115,56,108,110,111,85,109,98,68,49,113,76,88,122,34,125]}
2024/08/22 16:12:45 
FROM onRealtimeDisconnectRequest
----------------------
2024/08/22 16:12:45 {}
2024/08/22 16:12:45 "j6pUJQFB2eZufxPgdnht6OIcgus8lnoUmbD1qLXz"
2024/08/22 16:12:45 
FROM onRealtimeDisconnectRequest
----------------------
2024/08/22 16:12:45 {}
2024/08/22 16:12:45 "3i4bPO9cWnW5IIeuTkzSCTJPViRa8ByrmPNctKuu"
2024/08/22 16:17:12 ar_bharath            login      2024-08-22 10:47:12.708Z    192.168.0.109        Mozilla/5.0 (Windows NT 10.0; Win64; x64) AppleWebKit/537.36 (KHTML, like Gecko) Chrome/127.0.0.0 Safari/537.36
2024/08/22 16:17:12 statuscode:: 200
2024/08/22 16:20:31 hello from cron:: checking alert
2024/08/22 16:30:31 hello from cron:: checking alert
2024/08/22 16:40:31 hello from cron:: checking alert
2024/08/22 16:44:24 [object Object]
2024/08/22 16:44:24 inside isfile::: 
2024/08/22 16:44:24 file:: [object Object]
2024/08/22 16:44:24 [object Object]
2024/08/22 16:44:24 inside isfile::: 
2024/08/22 16:44:24 file:: [object Object]
2024/08/22 16:44:24 [object Object]
2024/08/22 16:44:24 inside isfile::: 
2024/08/22 16:44:24 file:: [object Object]
2024/08/22 16:44:24 [object Object]
2024/08/22 16:44:24 inside isfile::: 
2024/08/22 16:44:24 file:: [object Object]
2024/08/22 16:44:24 [object Object]
2024/08/22 16:44:24 inside isfile::: 
2024/08/22 16:44:24 file:: [object Object]
2024/08/22 16:47:03 [object Object]
2024/08/22 16:47:03 inside isfile::: 
2024/08/22 16:47:03 file:: [object Object]
2024/08/22 16:50:31 hello from cron:: checking alert
2024/08/22 17:00:31 hello from cron:: checking alert
2024/08/22 17:00:56 [object Object]
2024/08/22 17:00:56 inside isfile::: 
2024/08/22 17:00:56 file:: [object Object]
2024/08/22 17:02:25 Inside app_health POST :::: 
-------------------
2024/08/22 17:02:25 date :::: [object Object]
2024/08/22 17:02:25 json value::: {"appname":["matchCusips","editCusips","updateXTS","reverseHedgeMatch","HedgeUpload","ViewRawHedgeInfo"],"appstatus":["Ok","Ok","Ok","Ok","Ok","Ok"],"datetime":["2024-08-22 11:31:42","2024-08-22 11:31:42","2024-08-22 11:31:42","2024-08-22 11:31:42","2024-08-22 11:31:42","2024-08-22 11:31:42"]}
2024/08/22 17:05:19 Inside app_health POST :::: 
-------------------
2024/08/22 17:05:19 date :::: [object Object]
2024/08/22 17:05:19 json value::: {"datetime":["2024-08-22 11:31:42","2024-08-22 11:31:42","2024-08-22 11:31:42","2024-08-22 11:31:42","2024-08-22 11:31:42","2024-08-22 11:31:42"],"appname":["matchCusips","editCusips","updateXTS","reverseHedgeMatch","HedgeUpload","ViewRawHedgeInfo"],"appstatus":["Ok","Ok","Ok","Ok","Ok","Ok"]}
2024/08/22 17:07:40 [object Object]
2024/08/22 17:07:40 inside isfile::: 
2024/08/22 17:07:40 file:: [object Object]
2024/08/22 17:10:31 hello from cron:: checking alert
2024/08/22 17:18:57 [object Object]
2024/08/22 17:18:57 inside isfile::: 
2024/08/22 17:18:57 file:: [object Object]
2024/08/22 17:19:24 [object Object]
2024/08/22 17:19:24 inside isfile::: 
2024/08/22 17:19:24 file:: [object Object]
2024/08/22 17:20:31 hello from cron:: checking alert
2024/08/22 17:20:46 Inside app_health POST :::: 
-------------------
2024/08/22 17:20:46 date :::: [object Object]
2024/08/22 17:20:46 json value::: {"appname":["matchCusips","editCusips","updateXTS","reverseHedgeMatch","HedgeUpload","ViewRawHedgeInfo"],"appstatus":["Ok","Ok","Ok","Ok","Ok","Ok"],"datetime":["2024-08-22 11:31:42","2024-08-22 11:31:42","2024-08-22 11:31:42","2024-08-22 11:31:42","2024-08-22 11:31:42","2024-08-22 11:31:42"]}
2024/08/22 17:21:34 Inside app_health POST :::: 
-------------------
2024/08/22 17:21:34 date :::: [object Object]
2024/08/22 17:21:34 json value::: {"appname":["matchCusips","editCusips","updateXTS","reverseHedgeMatch","HedgeUpload","ViewRawHedgeInfo"],"appstatus":["Ok","Ok","Ok","Ok","Ok","Ok"],"datetime":["2024-08-22 11:31:42","2024-08-22 11:31:42","2024-08-22 11:31:42","2024-08-22 11:31:42","2024-08-22 11:31:42","2024-08-22 11:31:42"]}
2024/08/22 17:25:15 [object Object]
2024/08/22 17:25:15 inside isfile::: 
2024/08/22 17:25:15 file:: [object Object]
2024/08/22 17:29:17 [object Object]
2024/08/22 17:29:17 inside isfile::: 
2024/08/22 17:29:17 file:: [object Object]
File /home/arpc4admin/tara_pocketbase/pb_hooks/app_healthfromR.pb.js changed, restarting...
2024/08/22 17:29:20 outside cron
2024/08/22 17:29:20 Server started at http://127.0.0.1:8092
├─ REST API: http://127.0.0.1:8092/api/
└─ Admin UI: http://127.0.0.1:8092/_/
2024/08/22 17:29:41 [object Object]
2024/08/22 17:29:41 inside isfile::: 
2024/08/22 17:29:41 file:: [object Object]
2024/08/22 17:29:41 [object Object]
2024/08/22 17:29:41 inside isfile::: 
2024/08/22 17:29:41 file:: [object Object]
2024/08/22 17:29:41 [object Object]
2024/08/22 17:29:41 inside isfile::: 
2024/08/22 17:29:41 file:: [object Object]
2024/08/22 17:29:41 [object Object]
2024/08/22 17:29:41 inside isfile::: 
2024/08/22 17:29:41 file:: [object Object]
2024/08/22 17:29:41 [object Object]
2024/08/22 17:29:41 inside isfile::: 
2024/08/22 17:29:41 file:: [object Object]
2024/08/22 17:30:04 [object Object]
2024/08/22 17:30:04 inside isfile::: 
2024/08/22 17:30:04 file:: [object Object]
2024/08/22 17:30:04 [object Object]
2024/08/22 17:30:04 inside isfile::: 
2024/08/22 17:30:04 file:: [object Object]
2024/08/22 17:30:04 [object Object]
2024/08/22 17:30:04 inside isfile::: 
2024/08/22 17:30:04 file:: [object Object]
2024/08/22 17:30:05 [object Object]
2024/08/22 17:30:05 inside isfile::: 
2024/08/22 17:30:05 file:: [object Object]
2024/08/22 17:30:05 [object Object]
2024/08/22 17:30:05 inside isfile::: 
2024/08/22 17:30:05 file:: [object Object]
2024/08/22 17:30:20 hello from cron:: checking alert
2024/08/22 17:30:47 [object Object]
2024/08/22 17:30:47 inside isfile::: 
2024/08/22 17:30:47 file:: [object Object]
2024/08/22 17:30:47 [object Object]
2024/08/22 17:30:47 inside isfile::: 
2024/08/22 17:30:47 file:: [object Object]
2024/08/22 17:30:47 [object Object]
2024/08/22 17:30:47 inside isfile::: 
2024/08/22 17:30:47 file:: [object Object]
2024/08/22 17:30:47 [object Object]
2024/08/22 17:30:47 inside isfile::: 
2024/08/22 17:30:47 file:: [object Object]
2024/08/22 17:30:47 [object Object]
2024/08/22 17:30:47 inside isfile::: 
2024/08/22 17:30:47 file:: [object Object]
2024/08/22 17:30:47 [object Object]
2024/08/22 17:30:47 inside isfile::: 
2024/08/22 17:30:47 file:: [object Object]
File /home/arpc4admin/tara_pocketbase/pb_hooks/app_healthfromR.pb.js changed, restarting...
2024/08/22 17:31:22 outside cron
2024/08/22 17:31:22 Server started at http://127.0.0.1:8092
├─ REST API: http://127.0.0.1:8092/api/
└─ Admin UI: http://127.0.0.1:8092/_/
2024/08/22 17:31:31 Inside app_health POST :::: 
-------------------
2024/08/22 17:31:31 date :::: [object Object]
2024/08/22 17:31:31 json value::: {"appname":["matchCusips","editCusips","updateXTS","reverseHedgeMatch","HedgeUpload","ViewRawHedgeInfo"],"appstatus":["Ok","Ok","Ok","Ok","Ok","Ok"],"datetime":["2024-08-22 11:31:42","2024-08-22 11:31:42","2024-08-22 11:31:42","2024-08-22 11:31:42","2024-08-22 11:31:42","2024-08-22 11:31:42"]}
File /home/arpc4admin/tara_pocketbase/pb_hooks/r_cpu_usage.pb.js changed, restarting...
2024/08/22 17:32:35 outside cron
2024/08/22 17:32:35 Server started at http://127.0.0.1:8092
├─ REST API: http://127.0.0.1:8092/api/
└─ Admin UI: http://127.0.0.1:8092/_/
2024/08/22 17:33:32 Inside app_health POST :::: 
-------------------
2024/08/22 17:33:32 date :::: [object Object]
2024/08/22 17:33:32 json value::: {"appstatus":["Ok","Ok","Ok","Ok","Ok","Ok"],"datetime":["2024-08-22 11:31:42","2024-08-22 11:31:42","2024-08-22 11:31:42","2024-08-22 11:31:42","2024-08-22 11:31:42","2024-08-22 11:31:42"],"appname":["matchCusips","editCusips","updateXTS","reverseHedgeMatch","HedgeUpload","ViewRawHedgeInfo"]}
2024/08/22 17:40:35 hello from cron:: checking alert
File /home/arpc4admin/tara_pocketbase/pb_hooks/app_healthfromR.pb.js changed, restarting...
2024/08/22 17:41:17 outside cron
2024/08/22 17:41:17 Server started at http://127.0.0.1:8092
├─ REST API: http://127.0.0.1:8092/api/
└─ Admin UI: http://127.0.0.1:8092/_/
File /home/arpc4admin/tara_pocketbase/pb_hooks/app_healthfromR.pb.js changed, restarting...
2024/08/22 17:41:18 outside cron
2024/08/22 17:41:18 Server started at http://127.0.0.1:8092
├─ REST API: http://127.0.0.1:8092/api/
└─ Admin UI: http://127.0.0.1:8092/_/
File /home/arpc4admin/tara_pocketbase/pb_hooks/app_healthfromR.pb.js changed, restarting...
2024/08/22 17:41:23 outside cron
2024/08/22 17:41:23 Server started at http://127.0.0.1:8092
├─ REST API: http://127.0.0.1:8092/api/
└─ Admin UI: http://127.0.0.1:8092/_/
2024/08/22 17:41:45 Inside app_health POST :::: 
-------------------
2024/08/22 17:41:45 date :::: [object Object]
2024/08/22 17:41:45 json value::: {"appname":["matchCusips","editCusips","updateXTS","reverseHedgeMatch","HedgeUpload","ViewRawHedgeInfo"],"appstatus":["Ok","Ok","Ok","Ok","Ok","Ok"],"datetime":["2024-08-22 11:31:42","2024-08-22 11:31:42","2024-08-22 11:31:42","2024-08-22 11:31:42","2024-08-22 11:31:42","2024-08-22 11:31:42"]}
File /home/arpc4admin/tara_pocketbase/pb_hooks/app_healthfromR.pb.js changed, restarting...
2024/08/22 17:42:20 outside cron
2024/08/22 17:42:20 Server started at http://127.0.0.1:8092
├─ REST API: http://127.0.0.1:8092/api/
└─ Admin UI: http://127.0.0.1:8092/_/
2024/08/22 17:42:23 Inside app_health POST :::: 
-------------------
2024/08/22 17:42:23 date :::: [object Object]
2024/08/22 17:42:23 json value::: {"appname":["matchCusips","editCusips","updateXTS","reverseHedgeMatch","HedgeUpload","ViewRawHedgeInfo"],"appstatus":["Ok","Ok","Ok","Ok","Ok","Ok"],"datetime":["2024-08-22 11:31:42","2024-08-22 11:31:42","2024-08-22 11:31:42","2024-08-22 11:31:42","2024-08-22 11:31:42","2024-08-22 11:31:42"]}
2024/08/22 17:43:07 Inside app_health POST :::: 
-------------------
2024/08/22 17:43:07 date :::: [object Object]
2024/08/22 17:43:07 json value::: {"appstatus":["Ok","Ok","Ok","Ok","Ok","Ok"],"datetime":["2024-08-22 11:31:42","2024-08-22 11:31:42","2024-08-22 11:31:42","2024-08-22 11:31:42","2024-08-22 11:31:42","2024-08-22 11:31:42"],"appname":["matchCusips","editCusips","updateXTS","reverseHedgeMatch","HedgeUpload","ViewRawHedgeInfo"]}
File /home/arpc4admin/tara_pocketbase/pb_hooks/app_healthfromR.pb.js changed, restarting...
2024/08/22 17:44:57 outside cron
2024/08/22 17:44:57 Server started at http://127.0.0.1:8092
├─ REST API: http://127.0.0.1:8092/api/
└─ Admin UI: http://127.0.0.1:8092/_/
2024/08/22 17:47:09 Inside app_health POST :::: 
-------------------
2024/08/22 17:47:09 date :::: [object Object]
2024/08/22 17:47:09 json value::: {"appname":["matchCusips","editCusips","updateXTS","reverseHedgeMatch","HedgeUpload","ViewRawHedgeInfo"],"appstatus":["Ok","Ok","Ok","Ok","Ok","Ok"],"datetime":["2024-08-22 11:31:42","2024-08-22 11:31:42","2024-08-22 11:31:42","2024-08-22 11:31:42","2024-08-22 11:31:42","2024-08-22 11:31:42"]}
2024/08/22 17:47:09 date :::: ('2024-08-22 11:31:42','matchCusips','Ok'), ('2024-08-22 11:31:42','editCusips','Ok'), ('2024-08-22 11:31:42','updateXTS','Ok'), ('2024-08-22 11:31:42','reverseHedgeMatch','Ok'), ('2024-08-22 11:31:42','HedgeUpload','Ok'), ('2024-08-22 11:31:42','ViewRawHedgeInfo','Ok')
2024/08/22 17:47:09 -------------------
2024/08/22 17:50:57 hello from cron:: checking alert
2024/08/22 18:00:57 hello from cron:: checking alert
2024/08/22 18:10:57 hello from cron:: checking alert
2024/08/22 18:20:57 hello from cron:: checking alert
2024/08/22 18:30:57 hello from cron:: checking alert
2024/08/22 18:40:57 hello from cron:: checking alert
2024/08/22 18:50:57 hello from cron:: checking alert
2024/08/22 18:59:46 emailnot:: false
2024/08/22 18:59:46 
Reminder hook
-------
2024/08/22 18:59:46 Id: m0klpwfjkvfcyay
2024/08/22 18:59:46 time_Arr:13,30
2024/08/22 18:59:46 duetime:13:30
2024/08/22 18:59:46 datearr:2024,08,22
2024/08/22 18:59:46 duedate:2024-08-22
2024/08/22 18:59:46 

-------
2024/08/22 19:00:57 hello from cron:: checking alert
2024/08/22 19:01:09 emailnot:: true
2024/08/22 19:01:09 
Reminder hook
-------
2024/08/22 19:01:09 Id: wj9oht77pq6mgqk
2024/08/22 19:01:09 time_Arr:13,32
2024/08/22 19:01:09 duetime:13:32
2024/08/22 19:01:09 datearr:2024,08,22
2024/08/22 19:01:09 duedate:2024-08-22
2024/08/22 19:01:09 

-------
2024/08/22 19:04:08 ar_bharath            login      2024-08-22 13:34:08.742Z    192.168.0.109        Mozilla/5.0 (Windows NT 10.0; Win64; x64) AppleWebKit/537.36 (KHTML, like Gecko) Chrome/127.0.0.0 Safari/537.36 Edg/127.0.0.0
2024/08/22 19:04:09 statuscode:: 200
2024/08/22 19:06:03 emailnot:: true
2024/08/22 19:06:03 
Reminder hook
-------
2024/08/22 19:06:03 Id: zrc5flalui0uyza
2024/08/22 19:06:03 time_Arr:13,37
2024/08/22 19:06:03 duetime:13:37
2024/08/22 19:06:03 datearr:2024,08,22
2024/08/22 19:06:03 duedate:2024-08-22
2024/08/22 19:06:03 

-------
2024/08/22 19:06:39 ar_shiji            login      2024-08-22 13:36:39.004Z    192.168.0.119        Mozilla/5.0 (Windows NT 10.0; Win64; x64) AppleWebKit/537.36 (KHTML, like Gecko) Chrome/127.0.0.0 Safari/537.36
2024/08/22 19:06:39 statuscode:: 200
2024/08/22 19:09:32 emailnot:: true
2024/08/22 19:09:32 
Reminder hook
-------
2024/08/22 19:09:32 Id: qrka27ho8t1yeya
2024/08/22 19:09:32 time_Arr:13,44
2024/08/22 19:09:32 duetime:13:44
2024/08/22 19:09:32 datearr:2024,08,22
2024/08/22 19:09:32 duedate:2024-08-22
2024/08/22 19:09:32 

-------
2024/08/22 19:10:57 hello from cron:: checking alert
2024/08/22 19:20:57 hello from cron:: checking alert
2024/08/22 19:27:43 emailnot:: true
2024/08/22 19:27:43 
Reminder hook
-------
2024/08/22 19:27:43 Id: w70rfzaysbwg31c
2024/08/22 19:27:43 time_Arr:13,57
2024/08/22 19:27:43 duetime:13:57
2024/08/22 19:27:43 datearr:2024,08,22
2024/08/22 19:27:43 duedate:2024-08-22
2024/08/22 19:27:43 

-------
2024/08/22 19:28:45 emailnot:: true
2024/08/22 19:28:45 
Reminder hook
-------
2024/08/22 19:28:45 Id: mrtiom7tkzp2xhn
2024/08/22 19:28:45 time_Arr:13,58
2024/08/22 19:28:45 duetime:13:58
2024/08/22 19:28:45 datearr:2024,08,22
2024/08/22 19:28:45 duedate:2024-08-22
2024/08/22 19:28:45 

-------
2024/08/22 19:29:11 emailnot:: true
2024/08/22 19:29:11 
Reminder hook
-------
2024/08/22 19:29:11 Id: cdtschoc00huuq8
2024/08/22 19:29:11 time_Arr:13,59
2024/08/22 19:29:11 duetime:13:59
2024/08/22 19:29:11 datearr:2024,08,22
2024/08/22 19:29:11 duedate:2024-08-22
2024/08/22 19:29:11 

-------
2024/08/22 19:29:58 emailnot:: true
2024/08/22 19:29:58 
Reminder hook
-------
2024/08/22 19:29:58 Id: vt09kqy9h7yzn0b
2024/08/22 19:29:58 time_Arr:13,59
2024/08/22 19:29:58 duetime:13:59
2024/08/22 19:29:58 datearr:2024,08,22
2024/08/22 19:29:58 duedate:2024-08-22
2024/08/22 19:29:58 

-------
2024/08/22 19:30:57 hello from cron:: checking alert
2024/08/22 19:40:05 ar_bharath            login      2024-08-22 14:10:05.228Z    192.168.0.109        Mozilla/5.0 (Windows NT 10.0; Win64; x64) AppleWebKit/537.36 (KHTML, like Gecko) Chrome/127.0.0.0 Safari/537.36 Edg/127.0.0.0
2024/08/22 19:40:05 statuscode:: 200
2024/08/22 19:40:57 hello from cron:: checking alert
2024/08/22 19:41:59 emailnot:: true
2024/08/22 19:41:59 
Reminder hook
-------
2024/08/22 19:41:59 Id: yrbr3exahdz7zi7
2024/08/22 19:41:59 time_Arr:14,18
2024/08/22 19:41:59 duetime:14:18
2024/08/22 19:41:59 datearr:2024,08,22
2024/08/22 19:41:59 duedate:2024-08-22
2024/08/22 19:41:59 

-------
2024/08/22 19:44:00 emailnot:: true
2024/08/22 19:44:00 
Reminder hook
-------
2024/08/22 19:44:00 Id: 8wyuqu1igkzw3cp
2024/08/22 19:44:00 time_Arr:14,20
2024/08/22 19:44:00 duetime:14:20
2024/08/22 19:44:00 datearr:2024,08,22
2024/08/22 19:44:00 duedate:2024-08-22
2024/08/22 19:44:00 

-------
2024/08/22 19:50:57 hello from cron:: checking alert
File /home/arpc4admin/tara_pocketbase/pb_hooks/alert.pb.js changed, restarting...
2024/08/22 19:54:49 outside cron
2024/08/22 19:54:49 Server started at http://127.0.0.1:8092
├─ REST API: http://127.0.0.1:8092/api/
└─ Admin UI: http://127.0.0.1:8092/_/
2024/08/22 20:00:49 hello from cron:: checking alert
